<?xml version="1.0" encoding="UTF-8"?>
<testng-results skipped="0" failed="0" ignored="0" total="1" passed="1">
  <reporter-output>
  </reporter-output>
  <suite name="Suite" duration-ms="87788" started-at="2018-07-29T20:54:58Z" finished-at="2018-07-29T20:56:26Z">
    <groups>
    </groups>
    <test name="Test" duration-ms="87788" started-at="2018-07-29T20:54:58Z" finished-at="2018-07-29T20:56:26Z">
      <class name="driver.Driver">
        <test-method status="PASS" signature="Jenk1()[pri:0, instance:driver.Driver@724af044]" name="Jenk1" duration-ms="87769" started-at="2018-07-29T21:54:58Z" finished-at="2018-07-29T21:56:26Z">
          <reporter-output>
          </reporter-output>
        </test-method> <!-- Jenk1 -->
      </class> <!-- driver.Driver -->
    </test> <!-- Test -->
  </suite> <!-- Suite -->
</testng-results>
